{"C:\\Users\\maric\\Desktop\\laboratoria\\burger-queen-api-client\\mocks\\fileMock.js": {"path":"C:\\Users\\maric\\Desktop\\laboratoria\\burger-queen-api-client\\mocks\\fileMock.js","statementMap":{"0":{"start":{"line":1,"column":0},"end":{"line":1,"column":null}}},"fnMap":{},"branchMap":{},"s":{"0":3},"f":{},"b":{}}
,"C:\\Users\\maric\\Desktop\\laboratoria\\burger-queen-api-client\\src\\components\\Login.tsx": {"path":"C:\\Users\\maric\\Desktop\\laboratoria\\burger-queen-api-client\\src\\components\\Login.tsx","statementMap":{"0":{"start":{"line":8,"column":24},"end":{"line":8,"column":null}},"1":{"start":{"line":1,"column":25},"end":{"line":1,"column":null}},"2":{"start":{"line":2,"column":24},"end":{"line":2,"column":null}},"3":{"start":{"line":4,"column":22},"end":{"line":4,"column":null}},"4":{"start":{"line":5,"column":28},"end":{"line":5,"column":null}},"5":{"start":{"line":6,"column":7},"end":{"line":6,"column":null}},"6":{"start":{"line":9,"column":28},"end":{"line":9,"column":null}},"7":{"start":{"line":10,"column":34},"end":{"line":10,"column":null}},"8":{"start":{"line":12,"column":28},"end":{"line":12,"column":54}},"9":{"start":{"line":13,"column":42},"end":{"line":13,"column":64}},"10":{"start":{"line":15,"column":19},"end":{"line":15,"column":null}},"11":{"start":{"line":31,"column":16},"end":{"line":31,"column":null}},"12":{"start":{"line":32,"column":16},"end":{"line":32,"column":null}},"13":{"start":{"line":50,"column":33},"end":{"line":50,"column":null}},"14":{"start":{"line":60,"column":33},"end":{"line":60,"column":null}},"15":{"start":{"line":67,"column":14},"end":{"line":67,"column":null}},"16":{"start":{"line":68,"column":38},"end":{"line":68,"column":null}},"17":{"start":{"line":69,"column":14},"end":{"line":69,"column":null}},"18":{"start":{"line":70,"column":14},"end":{"line":80,"column":null}},"19":{"start":{"line":72,"column":16},"end":{"line":72,"column":null}},"20":{"start":{"line":73,"column":16},"end":{"line":73,"column":null}},"21":{"start":{"line":76,"column":16},"end":{"line":76,"column":null}},"22":{"start":{"line":77,"column":16},"end":{"line":77,"column":null}},"23":{"start":{"line":78,"column":16},"end":{"line":78,"column":30}},"24":{"start":{"line":79,"column":16},"end":{"line":79,"column":null}}},"fnMap":{"0":{"name":"Login","decl":{"start":{"line":8,"column":24},"end":{"line":8,"column":null}},"loc":{"start":{"line":8,"column":24},"end":{"line":93,"column":null}}},"1":{"name":"(anonymous_3)","decl":{"start":{"line":30,"column":23},"end":{"line":30,"column":null}},"loc":{"start":{"line":30,"column":23},"end":{"line":33,"column":null}}},"2":{"name":"(anonymous_4)","decl":{"start":{"line":50,"column":22},"end":{"line":50,"column":23}},"loc":{"start":{"line":50,"column":33},"end":{"line":50,"column":null}}},"3":{"name":"(anonymous_5)","decl":{"start":{"line":60,"column":22},"end":{"line":60,"column":23}},"loc":{"start":{"line":60,"column":33},"end":{"line":60,"column":null}}},"4":{"name":"(anonymous_6)","decl":{"start":{"line":66,"column":21},"end":{"line":66,"column":28}},"loc":{"start":{"line":66,"column":28},"end":{"line":81,"column":null}}}},"branchMap":{"0":{"loc":{"start":{"line":19,"column":7},"end":{"line":39,"column":null}},"type":"cond-expr","locations":[{"start":{"line":20,"column":8},"end":{"line":39,"column":null}},{"start":{"line":39,"column":10},"end":{"line":39,"column":null}}]},"1":{"loc":{"start":{"line":70,"column":14},"end":{"line":80,"column":null}},"type":"if","locations":[{"start":{"line":70,"column":14},"end":{"line":80,"column":null}},{"start":{"line":74,"column":21},"end":{"line":80,"column":null}}]}},"s":{"0":2,"1":2,"2":2,"3":2,"4":2,"5":2,"6":47,"7":47,"8":47,"9":47,"10":47,"11":1,"12":1,"13":28,"14":14,"15":2,"16":2,"17":2,"18":2,"19":1,"20":1,"21":1,"22":1,"23":1,"24":1},"f":{"0":47,"1":1,"2":28,"3":14,"4":2},"b":{"0":[1,46],"1":[1,1]}}
,"C:\\Users\\maric\\Desktop\\laboratoria\\burger-queen-api-client\\src\\components\\Navbar.tsx": {"path":"C:\\Users\\maric\\Desktop\\laboratoria\\burger-queen-api-client\\src\\components\\Navbar.tsx","statementMap":{"0":{"start":{"line":5,"column":24},"end":{"line":5,"column":null}},"1":{"start":{"line":1,"column":23},"end":{"line":1,"column":null}},"2":{"start":{"line":2,"column":28},"end":{"line":2,"column":null}},"3":{"start":{"line":3,"column":7},"end":{"line":3,"column":null}},"4":{"start":{"line":7,"column":19},"end":{"line":7,"column":null}},"5":{"start":{"line":22,"column":18},"end":{"line":22,"column":null}},"6":{"start":{"line":23,"column":18},"end":{"line":23,"column":null}},"7":{"start":{"line":24,"column":18},"end":{"line":24,"column":null}}},"fnMap":{"0":{"name":"Navbar","decl":{"start":{"line":5,"column":24},"end":{"line":5,"column":null}},"loc":{"start":{"line":5,"column":24},"end":{"line":38,"column":null}}},"1":{"name":"(anonymous_3)","decl":{"start":{"line":21,"column":25},"end":{"line":21,"column":26}},"loc":{"start":{"line":21,"column":26},"end":{"line":25,"column":null}}}},"branchMap":{},"s":{"0":1,"1":1,"2":1,"3":1,"4":2,"5":1,"6":1,"7":1},"f":{"0":2,"1":1},"b":{}}
,"C:\\Users\\maric\\Desktop\\laboratoria\\burger-queen-api-client\\src\\services\\auth.service.ts": {"path":"C:\\Users\\maric\\Desktop\\laboratoria\\burger-queen-api-client\\src\\services\\auth.service.ts","statementMap":{"0":{"start":{"line":4,"column":13},"end":{"line":4,"column":21}},"1":{"start":{"line":4,"column":21},"end":{"line":22,"column":null}},"2":{"start":{"line":5,"column":2},"end":{"line":22,"column":null}},"3":{"start":{"line":6,"column":17},"end":{"line":9,"column":null}},"4":{"start":{"line":10,"column":20},"end":{"line":17,"column":null}},"5":{"start":{"line":18,"column":4},"end":{"line":21,"column":null}},"6":{"start":{"line":19,"column":26},"end":{"line":19,"column":null}},"7":{"start":{"line":20,"column":26},"end":{"line":20,"column":null}},"8":{"start":{"line":21,"column":22},"end":{"line":21,"column":null}}},"fnMap":{"0":{"name":"(anonymous_1)","decl":{"start":{"line":4,"column":21},"end":{"line":4,"column":22}},"loc":{"start":{"line":5,"column":2},"end":{"line":22,"column":null}}},"1":{"name":"(anonymous_2)","decl":{"start":{"line":5,"column":14},"end":{"line":5,"column":15}},"loc":{"start":{"line":5,"column":24},"end":{"line":22,"column":null}}},"2":{"name":"(anonymous_3)","decl":{"start":{"line":19,"column":12},"end":{"line":19,"column":13}},"loc":{"start":{"line":19,"column":26},"end":{"line":19,"column":null}}},"3":{"name":"(anonymous_4)","decl":{"start":{"line":20,"column":12},"end":{"line":20,"column":13}},"loc":{"start":{"line":20,"column":26},"end":{"line":20,"column":null}}},"4":{"name":"(anonymous_5)","decl":{"start":{"line":21,"column":13},"end":{"line":21,"column":14}},"loc":{"start":{"line":21,"column":22},"end":{"line":21,"column":null}}}},"branchMap":{},"s":{"0":2,"1":2,"2":2,"3":2,"4":2,"5":2,"6":1,"7":1,"8":1},"f":{"0":2,"1":2,"2":1,"3":1,"4":1},"b":{}}
}
