TN:
SF:mocks\fileMock.js
FNF:0
FNH:0
DA:1,3
LF:1
LH:1
BRF:0
BRH:0
end_of_record
TN:
SF:src\components\Login.tsx
FN:8,Login
FN:30,(anonymous_3)
FN:50,(anonymous_4)
FN:60,(anonymous_5)
FN:66,(anonymous_6)
FNF:5
FNH:5
FNDA:47,Login
FNDA:1,(anonymous_3)
FNDA:28,(anonymous_4)
FNDA:14,(anonymous_5)
FNDA:2,(anonymous_6)
DA:1,2
DA:2,2
DA:4,2
DA:5,2
DA:6,2
DA:8,2
DA:9,47
DA:10,47
DA:12,47
DA:13,47
DA:15,47
DA:31,1
DA:32,1
DA:50,28
DA:60,14
DA:67,2
DA:68,2
DA:69,2
DA:70,2
DA:72,1
DA:73,1
DA:76,1
DA:77,1
DA:78,1
DA:79,1
LF:25
LH:25
BRDA:19,0,0,1
BRDA:19,0,1,46
BRDA:70,1,0,1
BRDA:70,1,1,1
BRF:4
BRH:4
end_of_record
TN:
SF:src\components\Navbar.tsx
FN:5,Navbar
FN:21,(anonymous_3)
FNF:2
FNH:2
FNDA:2,Navbar
FNDA:1,(anonymous_3)
DA:1,1
DA:2,1
DA:3,1
DA:5,1
DA:7,2
DA:22,1
DA:23,1
DA:24,1
LF:8
LH:8
BRF:0
BRH:0
end_of_record
TN:
SF:src\services\auth.service.ts
FN:4,(anonymous_1)
FN:5,(anonymous_2)
FN:19,(anonymous_3)
FN:20,(anonymous_4)
FN:21,(anonymous_5)
FNF:5
FNH:5
FNDA:2,(anonymous_1)
FNDA:2,(anonymous_2)
FNDA:1,(anonymous_3)
FNDA:1,(anonymous_4)
FNDA:1,(anonymous_5)
DA:4,2
DA:5,2
DA:6,2
DA:10,2
DA:18,2
DA:19,1
DA:20,1
DA:21,1
LF:8
LH:8
BRF:0
BRH:0
end_of_record
